{
  "RSpec": {
    "coverage": {
      "/Users/PKer/code/medicallapp/app/helpers/application_helper.rb": [
        1,
        null
      ],
      "/Users/PKer/code/medicallapp/app/helpers/indication_helper.rb": [
        1,
        null
      ],
      "/Users/PKer/code/medicallapp/app/helpers/medicine_helper.rb": [
        1,
        null
      ],
      "/Users/PKer/code/medicallapp/app/helpers/physician_helper.rb": [
        1,
        null
      ],
      "/Users/PKer/code/medicallapp/app/helpers/session_helper.rb": [
        1,
        null
      ],
      "/Users/PKer/code/medicallapp/app/models/session.rb": [
        1,
        1,
        null,
        1,
        1,
        1,
        3,
        null,
        1,
        1,
        null,
        null
      ],
      "/Users/PKer/code/medicallapp/app/models/medicine.rb": [
        1,
        1,
        1,
        1,
        1,
        1,
        1,
        1,
        1,
        1,
        null,
        1,
        0,
        0,
        0,
        0,
        0,
        0,
        0,
        0,
        0,
        0,
        null,
        null,
        0,
        0,
        0,
        0,
        0,
        0,
        null,
        null,
        0,
        0,
        0,
        0,
        0,
        null,
        null,
        null,
        null,
        null,
        null,
        null,
        null,
        null,
        null,
        null,
        null,
        null,
        null,
        null,
        null,
        null,
        null,
        null,
        null,
        null,
        null,
        null,
        null,
        null,
        null
      ]
    },
    "timestamp": 1407473058
  }
}
